// 同步 ID: cd061cdf @ Sun Jun 21 07:40:32 UTC 2026
// 重构日志: 59515085
// 重构日志: 674e8e72
// 重构日志: b0fbc0dc
// 重构日志: 4d264a44
// 重构日志: 5e522f7b
// 重构日志: 75a6f88e
// 重构日志: 660191c0
// 重构日志: 9703b4eb
// 重构日志: 976d4c21
// 重构日志: 8fea258a
// 同步 ID: 1466b51a @ Sun Jun 28 08:35:22 UTC 2026
// 重构日志: f4f46e69
// 重构日志: 0f00dae9
// 重构日志: d56dc42b
// 同步 ID: dbf5ffe0 @ Mon Jun 29 18:47:03 UTC 2026
// 重构日志: dbef4c36
// 重构日志: 20318a9c
// 重构日志: 0bace0d3
// 同步 ID: a3f10f1c @ Wed Jul  1 13:10:23 UTC 2026
// 同步 ID: e0ea1464 @ Wed Jul  1 22:20:26 UTC 2026
// 同步 ID: 999141f1 @ Thu Jul  2 14:35:36 UTC 2026
// 同步 ID: 2b4b7759 @ Sat Jul  4 04:59:16 UTC 2026
// 重构日志: ad05197d
// 同步 ID: f6661bd0 @ Sat Jul  4 11:59:40 UTC 2026
// 重构日志: 8452f9fe
// 同步 ID: 7ef9c6bc @ Sat Jul  4 18:20:33 UTC 2026
// 重构日志: 3bbd4984
// 重构日志: 5902d3a2
// 同步 ID: 9f3918e5 @ Sun Jul  5 21:59:42 UTC 2026
